0 info it worked if it ends with ok
1 verbose cli [ 'c:\\nodist/v/0.12.5/node.exe',
1 verbose cli   'c:\\nodist\\bin\\node_modules\\npm\\bin\\npm-cli.js',
1 verbose cli   'publish' ]
2 info using npm@3.3.4
3 info using node@v0.12.5
4 verbose publish [ '.' ]
5 silly cache add args [ '.', null ]
6 verbose cache add spec .
7 silly cache add parsed spec { raw: '.',
7 silly cache add   scope: null,
7 silly cache add   name: null,
7 silly cache add   rawSpec: '.',
7 silly cache add   spec: 'c:\\demos\\hello-mars',
7 silly cache add   type: 'directory' }
8 verbose addLocalDirectory C:\Users\Owner\AppData\Roaming\npm-cache\hello-mars\1.0.0\package.tgz not in flight; packing
9 info lifecycle hello-mars@1.0.0~prepublish: hello-mars@1.0.0
10 silly lifecycle hello-mars@1.0.0~prepublish: no script for prepublish, continuing
11 verbose tar pack [ 'C:\\Users\\Owner\\AppData\\Roaming\\npm-cache\\hello-mars\\1.0.0\\package.tgz',
11 verbose tar pack   'c:\\demos\\hello-mars' ]
12 verbose tarball C:\Users\Owner\AppData\Roaming\npm-cache\hello-mars\1.0.0\package.tgz
13 verbose folder c:\demos\hello-mars
14 verbose addLocalTarball adding from inside cache C:\Users\Owner\AppData\Roaming\npm-cache\hello-mars\1.0.0\package.tgz
15 silly cache afterAdd hello-mars@1.0.0
16 verbose afterAdd C:\Users\Owner\AppData\Roaming\npm-cache\hello-mars\1.0.0\package\package.json not in flight; writing
17 verbose afterAdd C:\Users\Owner\AppData\Roaming\npm-cache\hello-mars\1.0.0\package\package.json written
18 silly publish { name: 'hello-mars',
18 silly publish   version: '1.0.0',
18 silly publish   description: 'Say hello to Mars',
18 silly publish   main: 'index.js',
18 silly publish   scripts: { test: 'echo "Error: no test specified" && exit 1' },
18 silly publish   repository:
18 silly publish    { type: 'git',
18 silly publish      url: 'git+https://github.com/joeeames/hello-mars.git' },
18 silly publish   keywords: [ 'mars' ],
18 silly publish   author: { name: 'Joe Eames' },
18 silly publish   license: 'MIT',
18 silly publish   bugs: { url: 'https://github.com/joeeames/hello-mars/issues' },
18 silly publish   homepage: 'https://github.com/joeeames/hello-mars#readme',
18 silly publish   gitHead: '03f5cdbd4cf5302471802b075a8001c7aaefe85e',
18 silly publish   readme: 'ERROR: No README data found!',
18 silly publish   _id: 'hello-mars@1.0.0',
18 silly publish   _shasum: 'b262ca82a265fb53d21fcd7e57844edfcd7961ba',
18 silly publish   _from: '.' }
19 verbose getPublishConfig undefined
20 silly mapToRegistry name hello-mars
21 silly mapToRegistry using default registry
22 silly mapToRegistry registry https://registry.npmjs.org/
23 silly mapToRegistry uri https://registry.npmjs.org/hello-mars
24 verbose publish registryBase https://registry.npmjs.org/
25 silly publish uploading C:\Users\Owner\AppData\Roaming\npm-cache\hello-mars\1.0.0\package.tgz
26 verbose request uri https://registry.npmjs.org/hello-mars
27 verbose request sending authorization for write operation
28 info attempt registry request try #1 at 7:14:03 PM
29 verbose request using bearer token for auth
30 verbose request id 26c767be2517850d
31 http request PUT https://registry.npmjs.org/hello-mars
32 http 403 https://registry.npmjs.org/hello-mars
33 verbose headers { 'content-type': 'application/json',
33 verbose headers   'cache-control': 'max-age=60',
33 verbose headers   'content-length': '128',
33 verbose headers   'accept-ranges': 'bytes',
33 verbose headers   date: 'Wed, 07 Oct 2015 01:14:15 GMT',
33 verbose headers   via: '1.1 varnish',
33 verbose headers   connection: 'keep-alive',
33 verbose headers   'x-served-by': 'cache-sjc3122-SJC',
33 verbose headers   'x-cache': 'MISS',
33 verbose headers   'x-cache-hits': '0',
33 verbose headers   'x-timer': 'S1444180455.169642,VS0,VE241' }
34 verbose request invalidating C:\Users\Owner\AppData\Roaming\npm-cache\registry.npmjs.org\hello-mars on PUT
35 error publish Failed PUT 403
36 verbose stack Error: "You cannot publish over the previously published version 1.0.0. Try bumping the version to 2.0.0" : hello-mars
36 verbose stack     at makeError (c:\nodist\bin\node_modules\npm\node_modules\npm-registry-client\lib\request.js:264:12)
36 verbose stack     at CachingRegistryClient.<anonymous> (c:\nodist\bin\node_modules\npm\node_modules\npm-registry-client\lib\request.js:252:14)
36 verbose stack     at Request._callback (c:\nodist\bin\node_modules\npm\node_modules\npm-registry-client\lib\request.js:172:14)
36 verbose stack     at Request.self.callback (c:\nodist\bin\node_modules\npm\node_modules\request\request.js:198:22)
36 verbose stack     at Request.emit (events.js:110:17)
36 verbose stack     at Request.<anonymous> (c:\nodist\bin\node_modules\npm\node_modules\request\request.js:1063:14)
36 verbose stack     at Request.emit (events.js:129:20)
36 verbose stack     at IncomingMessage.<anonymous> (c:\nodist\bin\node_modules\npm\node_modules\request\request.js:1009:12)
36 verbose stack     at IncomingMessage.emit (events.js:129:20)
36 verbose stack     at _stream_readable.js:908:16
37 verbose statusCode 403
38 verbose pkgid hello-mars
39 verbose cwd c:\demos\hello-mars
40 error Windows_NT 6.3.9600
41 error argv "c:\\nodist/v/0.12.5/node.exe" "c:\\nodist\\bin\\node_modules\\npm\\bin\\npm-cli.js" "publish"
42 error node v0.12.5
43 error npm  v3.3.4
44 error code E403
45 error "You cannot publish over the previously published version 1.0.0. Try bumping the version to 2.0.0" : hello-mars
46 error If you need help, you may report this error at:
46 error     <https://github.com/npm/npm/issues>
47 verbose exit [ 1, true ]
